https://spdf.gsfc.nasa.gov/istp_guide/vattributes.html
SI_conv in table, SI_conversion in text. Some instances of SI_conversion.

MONOTON Appears for data that is not monotonic

ERROR: Duplicate column names when cast to lower case: ['DataType', 'Datatype']
ERROR: Duplicate column names when cast to lower case: ['BIN_LOCATION', 'Bin_Location', 'Bin_location']
ERROR: Duplicate column names when cast to lower case: ['LABL_PTR_1', 'LABl_PTR_1']
ERROR: Duplicate column names when cast to lower case: ['UNITS', 'units']
ERROR: Duplicate column names when cast to lower case: ['MONOTON', 'MonoTon']
ERROR: Duplicate column names when cast to lower case: ['SCALETYP', 'ScaleTyp']
ERROR: Duplicate column names when cast to lower case: ['Description', 'description']
ERROR: Duplicate column names when cast to lower case: ['TIME_BASE', 'Time_Base']
ERROR: Duplicate column names when cast to lower case: ['TIME_SCALE', 'Time_Scale']
ERROR: Duplicate column names when cast to lower case: ['SI_conversion', 'SI_CONVERSION']
ERROR: Duplicate column names when cast to lower case: ['Calib_input', 'CALIB_INPUT']
ERROR: Duplicate column names when cast to lower case: ['Calib_software', 'CALIB_SOFTWARE']
ERROR: Duplicate column names when cast to lower case: ['SC_id', 'SC_ID']
ERROR: Duplicate column names when cast to lower case: ['SI_conversion', 'SI_CONVERSION']
ERROR: Duplicate column names when cast to lower case: ['LABL_PTR_1', 'LABl_PTR_1']
ERROR: Duplicate column names when cast to lower case: ['long_name', 'Long_Name']
ERROR: Duplicate column names when cast to lower case: ['Description', 'description']
ERROR: Duplicate column names when cast to lower case: ['valid_range', 'Valid_Range']
ERROR: Duplicate column names when cast to lower case: ['UNITS', 'units']
ERROR: Duplicate column names when cast to lower case: ['BIN_LOCATION', 'Bin_Location', 'Bin_location']
ERROR: Duplicate column names when cast to lower case: ['TIME_SCALE', 'Time_Scale']
ERROR: Duplicate column names when cast to lower case: ['valid_range', 'Valid_Range']
ERROR: Duplicate column names when cast to lower case: ['TIME_BASE', 'Time_Base']
ERROR: Duplicate column names when cast to lower case: ['MONOTON', 'MonoTon']
ERROR: Duplicate column names when cast to lower case: ['BIN_LOCATION', 'Bin_Location', 'Bin_location']
ERROR: Duplicate column names when cast to lower case: ['long_name', 'Long_Name']
ERROR: Duplicate column names when cast to lower case: ['SCALETYP', 'ScaleTyp']
ERROR: Duplicate column names when cast to lower case: ['DataType', 'Datatype']
ERROR: Duplicate column names when cast to lower case: ['RESOLUTION', 'Resolution']
ERROR: Duplicate column names when cast to lower case: ['RESOLUTION', 'Resolution']
ERROR: Duplicate column names when cast to lower case: ['SC_id', 'SC_ID']
ERROR: Duplicate column names when cast to lower case: ['Calib_input', 'CALIB_INPUT']
ERROR: Duplicate column names when cast to lower case: ['Calib_software', 'CALIB_SOFTWARE']
ERROR: Duplicate column names when cast to lower case: ['STATION_LATITUDE', 'station_latitude']
ERROR: Duplicate column names when cast to lower case: ['STATION_LONGITUDE', 'station_longitude']
ERROR: Duplicate column names when cast to lower case: ['STATION_LATITUDE', 'station_latitude']
ERROR: Duplicate column names when cast to lower case: ['STATION_LONGITUDE', 'station_longitude']
