INFO:     Started server process [26480]
INFO:     Waiting for application startup.
INFO:     Application startup complete.
INFO:     Uvicorn running on http://0.0.0.0:8051 (Press CTRL+C to quit)
/bin/sh: line 1: 26480 Killed: 9               python server.py 8051 ../../../data/tables/cdaweb.table.head.json ../../../data/tables/cdaweb.table.body.json
make: *** [serve-cdaweb] Error 137
make: *** No rule to make target `serve-cdaweb'.  Stop.
make: *** No rule to make target `serve-cdaweb'.  Stop.
make: *** No rule to make target `serve-cdaweb'.  Stop.
make: *** No rule to make target `serve-cdaweb'.  Stop.
make: *** No rule to make target `serve-cdaweb'.  Stop.
make: *** No rule to make target `serve-cdaweb'.  Stop.
make: *** No rule to make target `serve-cdaweb'.  Stop.
make: *** No rule to make target `serve-cdaweb'.  Stop.
make: *** No rule to make target `serve-cdaweb'.  Stop.
make: *** No rule to make target `serve-cdaweb'.  Stop.
make: *** No rule to make target `serve-cdaweb'.  Stop.
make: *** No rule to make target `serve-cdaweb'.  Stop.
make: *** No rule to make target `serve-cdaweb'.  Stop.
make: *** No rule to make target `serve-cdaweb'.  Stop.
make: *** No rule to make target `serve-cdaweb'.  Stop.
make: *** No rule to make target `serve-cdaweb'.  Stop.
make: *** No rule to make target `serve-cdaweb'.  Stop.
make: *** No rule to make target `serve-cdaweb'.  Stop.
make: *** No rule to make target `serve-cdaweb'.  Stop.
make: *** No rule to make target `serve-cdaweb'.  Stop.
make: *** No rule to make target `serve-cdaweb'.  Stop.
make: *** No rule to make target `serve-cdaweb'.  Stop.
make: *** No rule to make target `serve-cdaweb'.  Stop.
make: *** No rule to make target `serve-cdaweb'.  Stop.
make: *** No rule to make target `serve-cdaweb'.  Stop.
make: *** No rule to make target `serve-cdaweb'.  Stop.
make: *** No rule to make target `serve-cdaweb'.  Stop.
make: *** No rule to make target `serve-cdaweb'.  Stop.
make: *** No rule to make target `serve-cdaweb'.  Stop.
make: *** No rule to make target `serve-cdaweb'.  Stop.
make: *** No rule to make target `serve-cdaweb'.  Stop.
make: *** No rule to make target `serve-cdaweb'.  Stop.
make: *** No rule to make target `serve-cdaweb'.  Stop.
make: *** No rule to make target `serve-cdaweb'.  Stop.
make: *** No rule to make target `serve-cdaweb'.  Stop.
make: *** No rule to make target `serve-cdaweb'.  Stop.
make: *** No rule to make target `serve-cdaweb'.  Stop.
make: *** No rule to make target `serve-cdaweb'.  Stop.
make: *** No rule to make target `serve-cdaweb'.  Stop.
make: *** No rule to make target `serve-cdaweb'.  Stop.
make: *** No rule to make target `serve-cdaweb'.  Stop.
make: *** No rule to make target `serve-cdaweb'.  Stop.
make: *** No rule to make target `serve-cdaweb'.  Stop.
make: *** No rule to make target `serve-cdaweb'.  Stop.
make: *** No rule to make target `serve-cdaweb'.  Stop.
make: *** No rule to make target `serve-cdaweb'.  Stop.
make: *** No rule to make target `serve-cdaweb'.  Stop.
make: *** No rule to make target `serve-cdaweb'.  Stop.
make: *** No rule to make target `serve-cdaweb'.  Stop.
make: *** No rule to make target `serve-cdaweb'.  Stop.
make: *** No rule to make target `serve-cdaweb'.  Stop.
make: *** No rule to make target `serve-cdaweb'.  Stop.
make: *** No rule to make target `serve-cdaweb'.  Stop.
make: *** No rule to make target `serve-cdaweb'.  Stop.
make: *** No rule to make target `serve-cdaweb'.  Stop.
make: *** No rule to make target `serve-cdaweb'.  Stop.
